<?xml version="1.0" encoding="UTF-8"?>
<!-- Generated by org.testng.reporters.JUnitReportReporter -->
<testsuite skipped="0" hostname="TYSS-4F-056" name="javaPractise.Samples" tests="4" failures="0" timestamp="22 Feb 2019 07:08:31 GMT" time="0.016" errors="0">
  <testcase name="TC04_arrs1" time="0.000" classname="javaPractise.Samples"/>
  <testcase name="TC01_wordCount" time="0.016" classname="javaPractise.Samples"/>
  <testcase name="TC02_revStr" time="0.000" classname="javaPractise.Samples"/>
  <testcase name="TC03_arrs" time="0.000" classname="javaPractise.Samples"/>
</testsuite> <!-- javaPractise.Samples -->
