<?xml version="1.0" encoding="UTF-8"?>
<!-- Generated by org.testng.reporters.JUnitReportReporter -->
<testsuite skipped="6" hostname="TYSS-4F-056" name="javaPractise.ArrayTest" tests="7" failures="0" timestamp="25 Feb 2019 05:09:48 GMT" time="0.000" errors="0">
  <testcase name="fel" time="0.000" classname="javaPractise.ArrayTest"/>
  <testcase name="sum" classname="javaPractise.ArrayTest">
    <skipped/>
  </testcase> <!-- sum -->
  <testcase name="largEle" classname="javaPractise.ArrayTest">
    <skipped/>
  </testcase> <!-- largEle -->
  <testcase name="wc" classname="javaPractise.ArrayTest">
    <skipped/>
  </testcase> <!-- wc -->
  <testcase name="lowest" classname="javaPractise.ArrayTest">
    <skipped/>
  </testcase> <!-- lowest -->
  <testcase name="revStr" classname="javaPractise.ArrayTest">
    <skipped/>
  </testcase> <!-- revStr -->
  <testcase name="arr" classname="javaPractise.ArrayTest">
    <skipped/>
  </testcase> <!-- arr -->
</testsuite> <!-- javaPractise.ArrayTest -->
