<?xml version="1.0" encoding="UTF-8"?>
<!-- Generated by org.testng.reporters.JUnitReportReporter -->
<testsuite skipped="0" hostname="TYSS-4F-056" name="javaPractise.Demo" tests="1" failures="0" timestamp="20 Feb 2019 09:48:02 GMT" time="16.022" errors="0">
  <testcase name="bs" time="16.022" classname="javaPractise.Demo"/>
</testsuite> <!-- javaPractise.Demo -->
