<?xml version="1.0" encoding="UTF-8"?>
<!-- Generated by org.testng.reporters.JUnitReportReporter -->
<testsuite skipped="1" hostname="TYSS-4F-056" name="strings.wc" tests="7" failures="0" timestamp="22 Feb 2019 07:26:23 GMT" time="0.000" errors="0">
  <testcase name="removduplic" time="0.000" classname="strings.wc"/>
  <testcase name="arrays" time="0.000" classname="strings.wc"/>
  <testcase name="revString" time="0.000" classname="strings.wc"/>
  <testcase name="revString" time="0.000" classname="strings.wc"/>
  <testcase name="arraysADD" time="0.000" classname="strings.wc"/>
  <testcase name="arrElem" time="0.000" classname="strings.wc"/>
  <testcase name="wordcount" classname="strings.wc">
    <skipped/>
  </testcase> <!-- wordcount -->
</testsuite> <!-- strings.wc -->
