<?xml version="1.0" encoding="UTF-8"?>
<!-- Generated by org.testng.reporters.JUnitReportReporter -->
<testsuite skipped="0" hostname="TYSS-4F-056" name="javaPractise.Demo" tests="1" failures="0" timestamp="20 Feb 2019 08:55:58 GMT" time="46.736" errors="0">
  <testcase name="bs" time="46.736" classname="javaPractise.Demo"/>
</testsuite> <!-- javaPractise.Demo -->
